<?xml version="1.0" encoding="UTF-8"?>
<testng-results skipped="0" failed="0" ignored="0" total="1" passed="1">
  <reporter-output>
  </reporter-output>
  <suite name="Suite" duration-ms="75534" started-at="2021-06-02T07:51:54Z" finished-at="2021-06-02T07:53:09Z">
    <groups>
      <group name="cucumber">
        <method signature="AbstractTestNGCucumberTests.feature(cucumber.api.testng.CucumberFeatureWrapper)[pri:0, instance:com.SPERunner.SPERunnerTest@57fffcd7]" name="feature" class="cucumber.api.testng.AbstractTestNGCucumberTests"/>
      </group> <!-- cucumber -->
    </groups>
    <test name="ChromeTest" duration-ms="75534" started-at="2021-06-02T07:51:54Z" finished-at="2021-06-02T07:53:09Z">
      <class name="com.SPERunner.SPERunnerTest">
        <test-method status="PASS" signature="parameterTest(java.lang.String)[pri:0, instance:com.SPERunner.SPERunnerTest@57fffcd7]" name="parameterTest" is-config="true" duration-ms="9595" started-at="2021-06-02T07:51:54Z" finished-at="2021-06-02T07:52:03Z">
          <params>
            <param index="0">
              <value>
                <![CDATA[chrome]]>
              </value>
            </param>
          </params>
          <reporter-output>
          </reporter-output>
        </test-method> <!-- parameterTest -->
        <test-method status="PASS" signature="setUpClass()[pri:0, instance:com.SPERunner.SPERunnerTest@57fffcd7]" name="setUpClass" is-config="true" duration-ms="571" started-at="2021-06-02T07:52:03Z" finished-at="2021-06-02T07:52:04Z">
          <reporter-output>
          </reporter-output>
        </test-method> <!-- setUpClass -->
        <test-method status="PASS" signature="feature(cucumber.api.testng.CucumberFeatureWrapper)[pri:0, instance:com.SPERunner.SPERunnerTest@57fffcd7]" name="feature" duration-ms="62918" started-at="2021-06-02T07:52:04Z" description="Runs Cucumber Feature" data-provider="features" finished-at="2021-06-02T07:53:07Z">
          <params>
            <param index="0">
              <value>
                <![CDATA[TBL Product & SKU download]]>
              </value>
            </param>
          </params>
          <reporter-output>
          </reporter-output>
        </test-method> <!-- feature -->
        <test-method status="PASS" signature="closeDriver()[pri:0, instance:com.SPERunner.SPERunnerTest@57fffcd7]" name="closeDriver" is-config="true" duration-ms="2185" started-at="2021-06-02T07:53:07Z" finished-at="2021-06-02T07:53:09Z">
          <reporter-output>
          </reporter-output>
        </test-method> <!-- closeDriver -->
        <test-method status="PASS" signature="tearDownClass()[pri:0, instance:com.SPERunner.SPERunnerTest@57fffcd7]" name="tearDownClass" is-config="true" duration-ms="18" started-at="2021-06-02T07:53:09Z" finished-at="2021-06-02T07:53:09Z">
          <reporter-output>
          </reporter-output>
        </test-method> <!-- tearDownClass -->
      </class> <!-- com.SPERunner.SPERunnerTest -->
    </test> <!-- ChromeTest -->
  </suite> <!-- Suite -->
</testng-results>
